#
# A fatal error has been detected by the Java Runtime Environment:
#
#  Internal Error (classFileParser.cpp:3494), pid=352, tid=6392
#  Error: ShouldNotReachHere()
#
# JRE version: 6.0_29-b11
# Java VM: Java HotSpot(TM) Client VM (20.4-b02 mixed mode windows-x86 )
# If you would like to submit a bug report, please visit:
#   http://java.sun.com/webapps/bugreport/crash.jsp
#

---------------  T H R E A D  ---------------

Current thread (0x01c09800):  JavaThread "Unknown thread" [_thread_in_vm, id=6392, stack(0x00390000,0x003e0000)]

Stack: [0x00390000,0x003e0000],  sp=0x003df86c,  free space=318k
Native frames: (J=compiled Java code, j=interpreted, Vv=VM code, C=native code)
V  [jvm.dll+0x1335ba]
V  [jvm.dll+0x12e56b]
V  [jvm.dll+0x1639e]
V  [jvm.dll+0x17bdf]
V  [jvm.dll+0x26cc5]
V  [jvm.dll+0x27506]
V  [jvm.dll+0x278b5]
V  [jvm.dll+0x27949]
V  [jvm.dll+0x27a0c]
V  [jvm.dll+0x27a8a]
V  [jvm.dll+0x27b6d]
V  [jvm.dll+0x27e39]
V  [jvm.dll+0x6c383]
V  [jvm.dll+0x6c75c]
V  [jvm.dll+0xf9b4c]
V  [jvm.dll+0x11848b]
V  [jvm.dll+0x9eb60]
C  [javaw.exe+0x1657]
C  [javaw.exe+0x1e2c]
C  [javaw.exe+0x8614]
C  [kernel32.dll+0x4ed5c]  BaseThreadInitThunk+0x12
C  [ntdll.dll+0x637eb]  RtlInitializeExceptionChain+0xef
C  [ntdll.dll+0x637be]  RtlInitializeExceptionChain+0xc2


---------------  P R O C E S S  ---------------

Java Threads: ( => current thread )

Other Threads:

=>0x01c09800 (exited) JavaThread "Unknown thread" [_thread_in_vm, id=6392, stack(0x00390000,0x003e0000)]

VM state:not at safepoint (not fully initialized)

VM Mutex/Monitor currently owned by a thread: None

Dynamic libraries:
0x00400000 - 0x00424000 	C:\Program Files\Java\jre6\bin\javaw.exe
0x775d0000 - 0x7770c000 	C:\windows\SYSTEM32\ntdll.dll
0x760e0000 - 0x761b4000 	C:\windows\system32\kernel32.dll
0x75880000 - 0x758cb000 	C:\windows\system32\KERNELBASE.dll
0x761c0000 - 0x76260000 	C:\windows\system32\ADVAPI32.dll
0x75970000 - 0x75a1c000 	C:\windows\system32\msvcrt.dll
0x77720000 - 0x77739000 	C:\windows\SYSTEM32\sechost.dll
0x75d10000 - 0x75db2000 	C:\windows\system32\RPCRT4.dll
0x75bf0000 - 0x75cb9000 	C:\windows\system32\USER32.dll
0x77750000 - 0x7779e000 	C:\windows\system32\GDI32.dll
0x75f00000 - 0x75f0a000 	C:\windows\system32\LPK.dll
0x75f10000 - 0x75fad000 	C:\windows\system32\USP10.dll
0x75ee0000 - 0x75eff000 	C:\windows\system32\IMM32.DLL
0x76420000 - 0x764ec000 	C:\windows\system32\MSCTF.dll
0x000c0000 - 0x000cf000 	C:\windows\system32\GSCInfo.dll
0x7c340000 - 0x7c396000 	C:\Program Files\Java\jre6\bin\msvcr71.dll
0x6d7f0000 - 0x6da9f000 	C:\Program Files\Java\jre6\bin\client\jvm.dll
0x73a50000 - 0x73a82000 	C:\windows\system32\WINMM.dll
0x75540000 - 0x7558c000 	C:\windows\system32\apphelp.dll
0x6d7a0000 - 0x6d7ac000 	C:\Program Files\Java\jre6\bin\verify.dll
0x6d320000 - 0x6d33f000 	C:\Program Files\Java\jre6\bin\java.dll
0x6d7e0000 - 0x6d7ef000 	C:\Program Files\Java\jre6\bin\zip.dll
0x77740000 - 0x77745000 	C:\windows\system32\PSAPI.DLL

VM Arguments:
jvm_args: -Dfile.encoding=UTF-8 -Xbootclasspath:E:\android-sdk-windows\platforms\android-18\android.jar 
java_command: com.o2o.maileseller.network.netty.NettyClient
Launcher Type: SUN_STANDARD

Environment Variables:
JAVA_HOME=E:\Program Files\Java\jdk1.6.0_05
CLASSPATH=.;E:\Program Files\Java\jdk1.6.0_05\lib\dt.jar;E:\Program Files\Java\jdk1.6.0_05\lib\tools.jar
PATH=C:/Program Files/Java/jre6/bin/client;C:/Program Files/Java/jre6/bin;C:/Program Files/Java/jre6/lib/i386;C:\Program Files\NVIDIA Corporation\PhysX\Common;E:\android-sdk-windows\tools;E:\oracle\product\10.2.0\db_1\bin;E:\oracle\product\10.2.0\client\bin;C:\Program Files\Common Files\Microsoft Shared\Windows Live;C:\windows\system32;C:\windows;C:\windows\System32\Wbem;C:\windows\System32\WindowsPowerShell\v1.0\;C:\Program Files\Windows Live\Shared;E:\Program Files\Java\jdk1.6.0_05\BIN;E:\Program Files\TortoiseSVN\bin;C:\Program Files\Microsoft\Web Platform Installer\;C:\Program Files\Microsoft ASP.NET\ASP.NET Web Pages\v1.0\;C:\Program Files\Windows Kits\8.0\Windows Performance Toolkit\;C:\Program Files\Microsoft SQL Server\110\Tools\Binn\;E:\Program Files\MySQL\MySQL Server 5.0\bin;E:\Program Files\Git\bin;E:\นคื๗ศํผ\eclipse;
USERNAME=xgf
OS=Windows_NT
PROCESSOR_IDENTIFIER=x86 Family 6 Model 42 Stepping 7, GenuineIntel



---------------  S Y S T E M  ---------------

OS: Windows 7 Build 7601 Service Pack 1

CPU:total 4 (2 cores per cpu, 2 threads per core) family 6 model 42 stepping 7, cmov, cx8, fxsr, mmx, sse, sse2, sse3, ssse3, sse4.1, sse4.2, popcnt, ht

Memory: 4k page, physical 2078576k(506024k free), swap 4157152k(1460936k free)

vm_info: Java HotSpot(TM) Client VM (20.4-b02) for windows-x86 JRE (1.6.0_29-b11), built on Oct  3 2011 01:01:08 by "java_re" with MS VC++ 7.1 (VS2003)

time: Wed Jan 21 20:58:14 2015
elapsed time: 1 seconds

